
####################
Traceback (most recent call last):
  File "C:\Users\ianca\buildstockbatch\buildstockbatch\utils.py", line 120, in run_with_error_capture
    return func(*args, **kwargs)
           ^^^^^^^^^^^^^^^^^^^^^
  File "C:\Users\ianca\buildstockbatch\buildstockbatch\local.py", line 410, in main
    LocalBatch.validate_project(args.project_filename)
  File "C:\Users\ianca\buildstockbatch\buildstockbatch\local.py", line 121, in validate_project
    super(cls, cls).validate_project(project_file)
  File "C:\Users\ianca\buildstockbatch\buildstockbatch\base.py", line 272, in validate_project
    assert cls.validate_project_schema(project_file)
           ^^^^^^^^^^^^^^^^^^^^^^^^^^^^^^^^^^^^^^^^^
  File "C:\Users\ianca\buildstockbatch\buildstockbatch\base.py", line 382, in validate_project_schema
    return yamale.validate(schema, data, strict=True)
           ^^^^^^^^^^^^^^^^^^^^^^^^^^^^^^^^^^^^^^^^^^
  File "C:\Users\ianca\anaconda3\envs\build_env\Lib\site-packages\yamale\yamale.py", line 45, in validate
    raise YamaleError(results)
yamale.yamale_error.YamaleError: Error validating data 'PAsolar_upgrades.yml' with schema 'C:\Users\ianca\buildstockbatch\buildstockbatch\schemas\v0.3.yaml'
	output_directory: 'PAsolar_upgrades' is not a regex match.

In file: C:\Users\ianca\buildstockbatch\buildstockbatch\utils.py, module run_with_error_capture line: 120 
Local Variables: 'args':()
'kwargs':{}
'f':<_io.TextIOWrapper name='buildstockbatch_crash_details.log' mode='a' encoding='cp1252'>
'text':'
####################
'
'func':<function main at 0x000001F45EB942C0>
'output_file':'buildstockbatch_crash_details.log'

In file: C:\Users\ianca\buildstockbatch\buildstockbatch\local.py, module main line: 410 
Local Variables: 'parser':ArgumentParser(prog='buildstock_local', usage=None, description=None, formatter_class=<class 'argparse.HelpFormatter'>, conflict_handler='error', add_help=True)
'group':<argparse._MutuallyExclusiveGroup object at 0x000001F45EB85E80>
'args':Namespace(project_filename='PAsolar_upgrades.yml', j=None, measures_only=False, postprocessonly=False, uploadonly=False, validateonly=False, samplingonly=False)

In file: C:\Users\ianca\buildstockbatch\buildstockbatch\local.py, module validate_project line: 121 
Local Variables: 'cls':<class 'buildstockbatch.local.LocalBatch'>
'project_file':'PAsolar_upgrades.yml'
'__class__':<class 'buildstockbatch.local.LocalBatch'>

In file: C:\Users\ianca\buildstockbatch\buildstockbatch\base.py, module validate_project line: 272 
Local Variables: 'cls':<class 'buildstockbatch.local.LocalBatch'>
'project_file':'PAsolar_upgrades.yml'

In file: C:\Users\ianca\buildstockbatch\buildstockbatch\base.py, module validate_project_schema line: 382 
Local Variables: 'project_file':'PAsolar_upgrades.yml'
'cfg':{'schema_version': '0.3','os_version': '3.8.0','os_sha': 'f953b6fcaf','buildstock_directory': 'C:\Users\ianca\resstock','project_directory': 'project_PAsolar','output_directory': 'PAsolar_upgrades','weather_files_url': 'https://data.nrel.gov/system/files/156/Buildstock_TMY3_FIPS-1678817889.zip','sampler': {'type': 'residential_quota_downselect','args': {'n_datapoints': '10','logic': ['State|PA'],'resample': True}},'workflow_generator': {'type': 'residential_hpxml','args': {'build_existing_model': {'simulation_control_timestep': '60','simulation_control_run_period_begin_month': '1','simulation_control_run_period_begin_day_of_month': '1','simulation_control_run_period_end_month': '12','simulation_control_run_period_end_day_of_month': '31','simulation_control_run_period_calendar_year': '2007'},'emissions': [{'scenario_name': 'LRMER_MidCase_15','type': 'CO2e','elec_folder': 'data/emissions/cambium/2022/LRMER_MidCase_15'}],'utility_bills': [{'scenario_name': 'Bills'}],'simulation_output_report': {'timeseries_frequency': 'hourly','include_timeseries_total_consumptions': True,'include_timeseries_fuel_consumptions': True,'include_timeseries_end_use_consumptions': True,'include_timeseries_emissions': True,'include_timeseries_emission_fuels': True,'include_timeseries_emission_end_uses': True,'include_timeseries_hot_water_uses': True,'include_timeseries_total_loads': True,'include_timeseries_component_loads': True,'include_timeseries_unmet_hours': True,'include_timeseries_zone_temperatures': True,'include_timeseries_airflows': True,'include_timeseries_weather': True,'include_timeseries_resilience': True},'reporting_measures': [{'measure_dir_name': 'QOIReport'}],'server_directory_cleanup': {'retain_in_idf': False,'retain_schedules_csv': False}}},'baseline': {'n_buildings_represented': '5742828'},'upgrades': [{'upgrade_name': 'PV','options': [{'option': 'Has PV|Yes'}]}]}
'schema_version':'0.3'
'version_schema':'C:\Users\ianca\buildstockbatch\buildstockbatch\schemas\v0.3.yaml'
'schema':<yamale.schema.schema.Schema object at 0x000001F44B085C10>
'data':[({'schema_version': '0.3','os_version': '3.8.0','os_sha': 'f953b6fcaf','buildstock_directory': '../','project_directory': 'project_PAsolar','output_directory': 'PAsolar_upgrades','weather_files_url': 'https://data.nrel.gov/system/files/156/Buildstock_TMY3_FIPS-1678817889.zip','sampler': {'type': 'residential_quota_downselect','args': {'n_datapoints': '10','logic': ['State|PA'],'resample': True}},'workflow_generator': {'type': 'residential_hpxml','args': {'build_existing_model': {'simulation_control_timestep': '60','simulation_control_run_period_begin_month': '1','simulation_control_run_period_begin_day_of_month': '1','simulation_control_run_period_end_month': '12','simulation_control_run_period_end_day_of_month': '31','simulation_control_run_period_calendar_year': '2007'},'emissions': [{'scenario_name': 'LRMER_MidCase_15','type': 'CO2e','elec_folder': 'data/emissions/cambium/2022/LRMER_MidCase_15'}],'utility_bills': [{'scenario_name': 'Bills'}],'simulation_output_report': {'timeseries_frequency': 'hourly','include_timeseries_total_consumptions': True,'include_timeseries_fuel_consumptions': True,'include_timeseries_end_use_consumptions': True,'include_timeseries_emissions': True,'include_timeseries_emission_fuels': True,'include_timeseries_emission_end_uses': True,'include_timeseries_hot_water_uses': True,'include_timeseries_total_loads': True,'include_timeseries_component_loads': True,'include_timeseries_unmet_hours': True,'include_timeseries_zone_temperatures': True,'include_timeseries_airflows': True,'include_timeseries_weather': True,'include_timeseries_resilience': True},'reporting_measures': [{'measure_dir_name': 'QOIReport'}],'server_directory_cleanup': {'retain_in_idf': False,'retain_schedules_csv': False}}},'baseline': {'n_buildings_represented': '5742828'},'upgrades': [{'upgrade_name': 'PV','options': [{'option': 'Has PV|Yes'}]}]},'PAsolar_upgrades.yml')]

In file: C:\Users\ianca\anaconda3\envs\build_env\Lib\site-packages\yamale\yamale.py, module validate line: 45 
Local Variables: 'schema':<yamale.schema.schema.Schema object at 0x000001F44B085C10>
'data':[({'schema_version': '0.3','os_version': '3.8.0','os_sha': 'f953b6fcaf','buildstock_directory': '../','project_directory': 'project_PAsolar','output_directory': 'PAsolar_upgrades','weather_files_url': 'https://data.nrel.gov/system/files/156/Buildstock_TMY3_FIPS-1678817889.zip','sampler': {'type': 'residential_quota_downselect','args': {'n_datapoints': '10','logic': ['State|PA'],'resample': True}},'workflow_generator': {'type': 'residential_hpxml','args': {'build_existing_model': {'simulation_control_timestep': '60','simulation_control_run_period_begin_month': '1','simulation_control_run_period_begin_day_of_month': '1','simulation_control_run_period_end_month': '12','simulation_control_run_period_end_day_of_month': '31','simulation_control_run_period_calendar_year': '2007'},'emissions': [{'scenario_name': 'LRMER_MidCase_15','type': 'CO2e','elec_folder': 'data/emissions/cambium/2022/LRMER_MidCase_15'}],'utility_bills': [{'scenario_name': 'Bills'}],'simulation_output_report': {'timeseries_frequency': 'hourly','include_timeseries_total_consumptions': True,'include_timeseries_fuel_consumptions': True,'include_timeseries_end_use_consumptions': True,'include_timeseries_emissions': True,'include_timeseries_emission_fuels': True,'include_timeseries_emission_end_uses': True,'include_timeseries_hot_water_uses': True,'include_timeseries_total_loads': True,'include_timeseries_component_loads': True,'include_timeseries_unmet_hours': True,'include_timeseries_zone_temperatures': True,'include_timeseries_airflows': True,'include_timeseries_weather': True,'include_timeseries_resilience': True},'reporting_measures': [{'measure_dir_name': 'QOIReport'}],'server_directory_cleanup': {'retain_in_idf': False,'retain_schedules_csv': False}}},'baseline': {'n_buildings_represented': '5742828'},'upgrades': [{'upgrade_name': 'PV','options': [{'option': 'Has PV|Yes'}]}]},'PAsolar_upgrades.yml')]
'strict':True
'_raise_error':True
'results':[Error validating data 'PAsolar_upgrades.yml' with schema 'C:\Users\ianca\buildstockbatch\buildstockbatch\schemas\v0.3.yaml'
	output_directory: 'PAsolar_upgrades' is not a regex match.]
'is_valid':False
'd':{'schema_version': '0.3','os_version': '3.8.0','os_sha': 'f953b6fcaf','buildstock_directory': '../','project_directory': 'project_PAsolar','output_directory': 'PAsolar_upgrades','weather_files_url': 'https://data.nrel.gov/system/files/156/Buildstock_TMY3_FIPS-1678817889.zip','sampler': {'type': 'residential_quota_downselect','args': {'n_datapoints': '10','logic': ['State|PA'],'resample': True}},'workflow_generator': {'type': 'residential_hpxml','args': {'build_existing_model': {'simulation_control_timestep': '60','simulation_control_run_period_begin_month': '1','simulation_control_run_period_begin_day_of_month': '1','simulation_control_run_period_end_month': '12','simulation_control_run_period_end_day_of_month': '31','simulation_control_run_period_calendar_year': '2007'},'emissions': [{'scenario_name': 'LRMER_MidCase_15','type': 'CO2e','elec_folder': 'data/emissions/cambium/2022/LRMER_MidCase_15'}],'utility_bills': [{'scenario_name': 'Bills'}],'simulation_output_report': {'timeseries_frequency': 'hourly','include_timeseries_total_consumptions': True,'include_timeseries_fuel_consumptions': True,'include_timeseries_end_use_consumptions': True,'include_timeseries_emissions': True,'include_timeseries_emission_fuels': True,'include_timeseries_emission_end_uses': True,'include_timeseries_hot_water_uses': True,'include_timeseries_total_loads': True,'include_timeseries_component_loads': True,'include_timeseries_unmet_hours': True,'include_timeseries_zone_temperatures': True,'include_timeseries_airflows': True,'include_timeseries_weather': True,'include_timeseries_resilience': True},'reporting_measures': [{'measure_dir_name': 'QOIReport'}],'server_directory_cleanup': {'retain_in_idf': False,'retain_schedules_csv': False}}},'baseline': {'n_buildings_represented': '5742828'},'upgrades': [{'upgrade_name': 'PV','options': [{'option': 'Has PV|Yes'}]}]}
'path':'PAsolar_upgrades.yml'
'result':Error validating data 'PAsolar_upgrades.yml' with schema 'C:\Users\ianca\buildstockbatch\buildstockbatch\schemas\v0.3.yaml'
	output_directory: 'PAsolar_upgrades' is not a regex match.

####################
Traceback (most recent call last):
  File "C:\Users\ianca\buildstockbatch\buildstockbatch\utils.py", line 120, in run_with_error_capture
    return func(*args, **kwargs)
           ^^^^^^^^^^^^^^^^^^^^^
  File "C:\Users\ianca\buildstockbatch\buildstockbatch\local.py", line 410, in main
    LocalBatch.validate_project(args.project_filename)
  File "C:\Users\ianca\buildstockbatch\buildstockbatch\local.py", line 121, in validate_project
    super(cls, cls).validate_project(project_file)
  File "C:\Users\ianca\buildstockbatch\buildstockbatch\base.py", line 272, in validate_project
    assert cls.validate_project_schema(project_file)
           ^^^^^^^^^^^^^^^^^^^^^^^^^^^^^^^^^^^^^^^^^
  File "C:\Users\ianca\buildstockbatch\buildstockbatch\base.py", line 382, in validate_project_schema
    return yamale.validate(schema, data, strict=True)
           ^^^^^^^^^^^^^^^^^^^^^^^^^^^^^^^^^^^^^^^^^^
  File "C:\Users\ianca\anaconda3\envs\build_env\Lib\site-packages\yamale\yamale.py", line 45, in validate
    raise YamaleError(results)
yamale.yamale_error.YamaleError: Error validating data 'PAsolar_upgrades.yml' with schema 'C:\Users\ianca\buildstockbatch\buildstockbatch\schemas\v0.3.yaml'
	output_directory: 'PAsolar_upgrades' is not a regex match.

In file: C:\Users\ianca\buildstockbatch\buildstockbatch\utils.py, module run_with_error_capture line: 120 
Local Variables: 'args':()
'kwargs':{}
'f':<_io.TextIOWrapper name='buildstockbatch_crash_details.log' mode='a' encoding='cp1252'>
'text':'
####################
'
'func':<function main at 0x00000214FECB42C0>
'output_file':'buildstockbatch_crash_details.log'

In file: C:\Users\ianca\buildstockbatch\buildstockbatch\local.py, module main line: 410 
Local Variables: 'parser':ArgumentParser(prog='buildstock_local', usage=None, description=None, formatter_class=<class 'argparse.HelpFormatter'>, conflict_handler='error', add_help=True)
'group':<argparse._MutuallyExclusiveGroup object at 0x00000214FEB70AA0>
'args':Namespace(project_filename='PAsolar_upgrades.yml', j=None, measures_only=False, postprocessonly=False, uploadonly=False, validateonly=False, samplingonly=False)

In file: C:\Users\ianca\buildstockbatch\buildstockbatch\local.py, module validate_project line: 121 
Local Variables: 'cls':<class 'buildstockbatch.local.LocalBatch'>
'project_file':'PAsolar_upgrades.yml'
'__class__':<class 'buildstockbatch.local.LocalBatch'>

In file: C:\Users\ianca\buildstockbatch\buildstockbatch\base.py, module validate_project line: 272 
Local Variables: 'cls':<class 'buildstockbatch.local.LocalBatch'>
'project_file':'PAsolar_upgrades.yml'

In file: C:\Users\ianca\buildstockbatch\buildstockbatch\base.py, module validate_project_schema line: 382 
Local Variables: 'project_file':'PAsolar_upgrades.yml'
'cfg':{'schema_version': '0.3','os_version': '3.8.0','os_sha': 'f953b6fcaf','buildstock_directory': 'C:\Users\ianca\resstock','project_directory': 'project_PAsolar','output_directory': 'PAsolar_upgrades','weather_files_url': 'https://data.nrel.gov/system/files/156/Buildstock_TMY3_FIPS-1678817889.zip','sampler': {'type': 'residential_quota_downselect','args': {'n_datapoints': '10','logic': ['State|PA'],'resample': True}},'workflow_generator': {'type': 'residential_hpxml','args': {'build_existing_model': {'simulation_control_timestep': '60','simulation_control_run_period_begin_month': '1','simulation_control_run_period_begin_day_of_month': '1','simulation_control_run_period_end_month': '12','simulation_control_run_period_end_day_of_month': '31','simulation_control_run_period_calendar_year': '2007'},'emissions': [{'scenario_name': 'LRMER_MidCase_15','type': 'CO2e','elec_folder': 'data/emissions/cambium/2022/LRMER_MidCase_15'}],'utility_bills': [{'scenario_name': 'Bills'}],'simulation_output_report': {'timeseries_frequency': 'hourly','include_timeseries_total_consumptions': True,'include_timeseries_fuel_consumptions': True,'include_timeseries_end_use_consumptions': True,'include_timeseries_emissions': True,'include_timeseries_emission_fuels': True,'include_timeseries_emission_end_uses': True,'include_timeseries_hot_water_uses': True,'include_timeseries_total_loads': True,'include_timeseries_component_loads': True,'include_timeseries_unmet_hours': True,'include_timeseries_zone_temperatures': True,'include_timeseries_airflows': True,'include_timeseries_weather': True,'include_timeseries_resilience': True},'reporting_measures': [{'measure_dir_name': 'QOIReport'}],'server_directory_cleanup': {'retain_in_idf': False,'retain_schedules_csv': False}}},'baseline': {'n_buildings_represented': '5742828'},'upgrades': [{'upgrade_name': 'PV','options': [{'option': 'Has PV|Yes'}]}]}
'schema_version':'0.3'
'version_schema':'C:\Users\ianca\buildstockbatch\buildstockbatch\schemas\v0.3.yaml'
'schema':<yamale.schema.schema.Schema object at 0x00000214E8A6B9B0>
'data':[({'schema_version': '0.3','os_version': '3.8.0','os_sha': 'f953b6fcaf','buildstock_directory': '../','project_directory': 'project_PAsolar','output_directory': 'PAsolar_upgrades','weather_files_url': 'https://data.nrel.gov/system/files/156/Buildstock_TMY3_FIPS-1678817889.zip','sampler': {'type': 'residential_quota_downselect','args': {'n_datapoints': '10','logic': ['State|PA'],'resample': True}},'workflow_generator': {'type': 'residential_hpxml','args': {'build_existing_model': {'simulation_control_timestep': '60','simulation_control_run_period_begin_month': '1','simulation_control_run_period_begin_day_of_month': '1','simulation_control_run_period_end_month': '12','simulation_control_run_period_end_day_of_month': '31','simulation_control_run_period_calendar_year': '2007'},'emissions': [{'scenario_name': 'LRMER_MidCase_15','type': 'CO2e','elec_folder': 'data/emissions/cambium/2022/LRMER_MidCase_15'}],'utility_bills': [{'scenario_name': 'Bills'}],'simulation_output_report': {'timeseries_frequency': 'hourly','include_timeseries_total_consumptions': True,'include_timeseries_fuel_consumptions': True,'include_timeseries_end_use_consumptions': True,'include_timeseries_emissions': True,'include_timeseries_emission_fuels': True,'include_timeseries_emission_end_uses': True,'include_timeseries_hot_water_uses': True,'include_timeseries_total_loads': True,'include_timeseries_component_loads': True,'include_timeseries_unmet_hours': True,'include_timeseries_zone_temperatures': True,'include_timeseries_airflows': True,'include_timeseries_weather': True,'include_timeseries_resilience': True},'reporting_measures': [{'measure_dir_name': 'QOIReport'}],'server_directory_cleanup': {'retain_in_idf': False,'retain_schedules_csv': False}}},'baseline': {'n_buildings_represented': '5742828'},'upgrades': [{'upgrade_name': 'PV','options': [{'option': 'Has PV|Yes'}]}]},'PAsolar_upgrades.yml')]

In file: C:\Users\ianca\anaconda3\envs\build_env\Lib\site-packages\yamale\yamale.py, module validate line: 45 
Local Variables: 'schema':<yamale.schema.schema.Schema object at 0x00000214E8A6B9B0>
'data':[({'schema_version': '0.3','os_version': '3.8.0','os_sha': 'f953b6fcaf','buildstock_directory': '../','project_directory': 'project_PAsolar','output_directory': 'PAsolar_upgrades','weather_files_url': 'https://data.nrel.gov/system/files/156/Buildstock_TMY3_FIPS-1678817889.zip','sampler': {'type': 'residential_quota_downselect','args': {'n_datapoints': '10','logic': ['State|PA'],'resample': True}},'workflow_generator': {'type': 'residential_hpxml','args': {'build_existing_model': {'simulation_control_timestep': '60','simulation_control_run_period_begin_month': '1','simulation_control_run_period_begin_day_of_month': '1','simulation_control_run_period_end_month': '12','simulation_control_run_period_end_day_of_month': '31','simulation_control_run_period_calendar_year': '2007'},'emissions': [{'scenario_name': 'LRMER_MidCase_15','type': 'CO2e','elec_folder': 'data/emissions/cambium/2022/LRMER_MidCase_15'}],'utility_bills': [{'scenario_name': 'Bills'}],'simulation_output_report': {'timeseries_frequency': 'hourly','include_timeseries_total_consumptions': True,'include_timeseries_fuel_consumptions': True,'include_timeseries_end_use_consumptions': True,'include_timeseries_emissions': True,'include_timeseries_emission_fuels': True,'include_timeseries_emission_end_uses': True,'include_timeseries_hot_water_uses': True,'include_timeseries_total_loads': True,'include_timeseries_component_loads': True,'include_timeseries_unmet_hours': True,'include_timeseries_zone_temperatures': True,'include_timeseries_airflows': True,'include_timeseries_weather': True,'include_timeseries_resilience': True},'reporting_measures': [{'measure_dir_name': 'QOIReport'}],'server_directory_cleanup': {'retain_in_idf': False,'retain_schedules_csv': False}}},'baseline': {'n_buildings_represented': '5742828'},'upgrades': [{'upgrade_name': 'PV','options': [{'option': 'Has PV|Yes'}]}]},'PAsolar_upgrades.yml')]
'strict':True
'_raise_error':True
'results':[Error validating data 'PAsolar_upgrades.yml' with schema 'C:\Users\ianca\buildstockbatch\buildstockbatch\schemas\v0.3.yaml'
	output_directory: 'PAsolar_upgrades' is not a regex match.]
'is_valid':False
'd':{'schema_version': '0.3','os_version': '3.8.0','os_sha': 'f953b6fcaf','buildstock_directory': '../','project_directory': 'project_PAsolar','output_directory': 'PAsolar_upgrades','weather_files_url': 'https://data.nrel.gov/system/files/156/Buildstock_TMY3_FIPS-1678817889.zip','sampler': {'type': 'residential_quota_downselect','args': {'n_datapoints': '10','logic': ['State|PA'],'resample': True}},'workflow_generator': {'type': 'residential_hpxml','args': {'build_existing_model': {'simulation_control_timestep': '60','simulation_control_run_period_begin_month': '1','simulation_control_run_period_begin_day_of_month': '1','simulation_control_run_period_end_month': '12','simulation_control_run_period_end_day_of_month': '31','simulation_control_run_period_calendar_year': '2007'},'emissions': [{'scenario_name': 'LRMER_MidCase_15','type': 'CO2e','elec_folder': 'data/emissions/cambium/2022/LRMER_MidCase_15'}],'utility_bills': [{'scenario_name': 'Bills'}],'simulation_output_report': {'timeseries_frequency': 'hourly','include_timeseries_total_consumptions': True,'include_timeseries_fuel_consumptions': True,'include_timeseries_end_use_consumptions': True,'include_timeseries_emissions': True,'include_timeseries_emission_fuels': True,'include_timeseries_emission_end_uses': True,'include_timeseries_hot_water_uses': True,'include_timeseries_total_loads': True,'include_timeseries_component_loads': True,'include_timeseries_unmet_hours': True,'include_timeseries_zone_temperatures': True,'include_timeseries_airflows': True,'include_timeseries_weather': True,'include_timeseries_resilience': True},'reporting_measures': [{'measure_dir_name': 'QOIReport'}],'server_directory_cleanup': {'retain_in_idf': False,'retain_schedules_csv': False}}},'baseline': {'n_buildings_represented': '5742828'},'upgrades': [{'upgrade_name': 'PV','options': [{'option': 'Has PV|Yes'}]}]}
'path':'PAsolar_upgrades.yml'
'result':Error validating data 'PAsolar_upgrades.yml' with schema 'C:\Users\ianca\buildstockbatch\buildstockbatch\schemas\v0.3.yaml'
	output_directory: 'PAsolar_upgrades' is not a regex match.

####################
Traceback (most recent call last):
  File "C:\Users\ianca\buildstockbatch\buildstockbatch\utils.py", line 120, in run_with_error_capture
    return func(*args, **kwargs)
           ^^^^^^^^^^^^^^^^^^^^^
  File "C:\Users\ianca\buildstockbatch\buildstockbatch\local.py", line 407, in main
    raise FileNotFoundError(f"The project file {args.project_filename} doesn't exist")
FileNotFoundError: The project file .\project_PAsolar\PAsolar_upgrades.yml doesn't exist

In file: C:\Users\ianca\buildstockbatch\buildstockbatch\utils.py, module run_with_error_capture line: 120 
Local Variables: 'args':()
'kwargs':{}
'f':<_io.TextIOWrapper name='buildstockbatch_crash_details.log' mode='a' encoding='cp1252'>
'text':'
####################
'
'func':<function main at 0x0000027D5C2942C0>
'output_file':'buildstockbatch_crash_details.log'

In file: C:\Users\ianca\buildstockbatch\buildstockbatch\local.py, module main line: 407 
Local Variables: 'parser':ArgumentParser(prog='buildstock_local', usage=None, description=None, formatter_class=<class 'argparse.HelpFormatter'>, conflict_handler='error', add_help=True)
'group':<argparse._MutuallyExclusiveGroup object at 0x0000027D5C285A30>
'args':Namespace(project_filename='.\\project_PAsolar\\PAsolar_upgrades.yml', j=None, measures_only=False, postprocessonly=False, uploadonly=False, validateonly=False, samplingonly=False)
